<?xml version="1.0" encoding="UTF-8"?>
<!-- Generated by org.testng.reporters.JUnitXMLReporter -->
<testsuite ignored="0" hostname="DHIRAJ" failures="4" tests="7" name="FirefoxTest" time="111.731" errors="0" timestamp="2025-08-23T12:18:05 IST">
  <testcase classname="com.OpenCart.TestCases.TC01_Account_Registration" name="accountRegistration" time="4.014">
    <failure type="java.lang.AssertionError" message="expected [Your Account Has Been Created!!] but found [Your Account Has Been Created!]">
      <![CDATA[java.lang.AssertionError: expected [Your Account Has Been Created!!] but found [Your Account Has Been Created!]
at com.OpenCart.TestCases.TC01_Account_Registration.accountRegistration(TC01_Account_Registration.java:35)
at java.base/java.util.ArrayList.forEach(ArrayList.java:1511)
... Removed 37 stack frames]]>
    </failure>
  </testcase> <!-- accountRegistration -->
  <testcase classname="com.OpenCart.TestCases.TC02_LoginTest" name="LoginTc" time="2.77"/>
  <testcase classname="com.OpenCart.TestCases.TC02_LoginDdt" name="LoginTc" time="2.256">
    <failure type="java.lang.AssertionError" message="expected [true] but found [false]">
      <![CDATA[java.lang.AssertionError: expected [true] but found [false]
at com.OpenCart.TestCases.TC02_LoginDdt.LoginTc(TC02_LoginDdt.java:37)
at java.base/java.util.ArrayList.forEach(ArrayList.java:1511)
... Removed 35 stack frames]]>
    </failure>
  </testcase> <!-- LoginTc -->
  <testcase classname="com.OpenCart.TestCases.TC02_LoginDdt" name="LoginTc" time="1.54"/>
  <testcase classname="com.OpenCart.TestCases.TC02_LoginDdt" name="LoginTc" time="1.36"/>
  <testcase classname="com.OpenCart.TestCases.TC02_LoginDdt" name="LoginTc" time="2.02">
    <failure type="java.lang.AssertionError" message="expected [true] but found [false]">
      <![CDATA[java.lang.AssertionError: expected [true] but found [false]
at com.OpenCart.TestCases.TC02_LoginDdt.LoginTc(TC02_LoginDdt.java:37)
at java.base/java.util.ArrayList.forEach(ArrayList.java:1511)
... Removed 35 stack frames]]>
    </failure>
  </testcase> <!-- LoginTc -->
  <testcase classname="com.OpenCart.TestCases.TC02_LoginDdt" name="LoginTc" time="0.592">
    <failure type="java.lang.IllegalArgumentException" message="Keys to send should be a not null CharSequence">
      <![CDATA[java.lang.IllegalArgumentException: Keys to send should be a not null CharSequence
at org.openqa.selenium.remote.RemoteWebElement.sendKeys(RemoteWebElement.java:96)
at org.openqa.selenium.support.pagefactory.internal.LocatingElementHandler.invoke(LocatingElementHandler.java:51)
at jdk.proxy2/jdk.proxy2.$Proxy12.sendKeys(Unknown Source)
at com.OpenCart.TestCases.TC02_LoginDdt.LoginTc(TC02_LoginDdt.java:23)
at java.base/java.util.ArrayList.forEach(ArrayList.java:1511)
... Removed 34 stack frames]]>
    </failure>
  </testcase> <!-- LoginTc -->
</testsuite> <!-- FirefoxTest -->
